GTKWave Analyzer v3.3.86 (w)1999-2017 BSI
Date: Tue Jul 16 20:02:23 2019


gtkwave
	-O
	logs/wave.log
	data/dumpfile.vcd



GTKWave Analyzer v3.3.86 (w)1999-2017 BSI

[0] start time.
[20000100] end time.
[0] start time.
[20000100] end time.
[0] start time.
[20000100] end time.
[0] start time.
[20000100] end time.
[0] start time.
[20000100] end time.
[0] start time.
[20000100] end time.
[0] start time.
[20000100] end time.
[0] start time.
[20000100] end time.
[0] start time.
[20000100] end time.
